mode: set
companies/cmd/internal/auth/generete_token.go:14.53,26.2 5 0
companies/cmd/internal/auth/generete_token.go:33.57,35.63 2 0
companies/cmd/internal/auth/generete_token.go:35.63,38.3 2 0
companies/cmd/internal/auth/generete_token.go:41.2,41.63 1 0
companies/cmd/internal/auth/generete_token.go:41.63,44.3 2 0
companies/cmd/internal/auth/generete_token.go:46.2,47.16 2 0
companies/cmd/internal/auth/generete_token.go:47.16,50.3 2 0
companies/cmd/internal/auth/generete_token.go:52.2,52.62 1 0
companies/cmd/internal/auth/jwt.go:21.54,24.98 3 0
companies/cmd/internal/auth/jwt.go:24.98,26.3 1 0
companies/cmd/internal/auth/jwt.go:28.2,28.32 1 0
companies/cmd/internal/auth/jwt.go:28.32,30.3 1 0
companies/cmd/internal/auth/jwt.go:32.2,32.20 1 0
companies/cmd/internal/auth/jwt.go:35.52,36.71 1 0
companies/cmd/internal/auth/jwt.go:36.71,40.48 3 0
companies/cmd/internal/auth/jwt.go:40.48,43.4 2 0
companies/cmd/internal/auth/jwt.go:45.3,47.17 3 0
companies/cmd/internal/auth/jwt.go:47.17,50.4 2 0
companies/cmd/internal/auth/jwt.go:52.3,52.23 1 0
companies/cmd/internal/configParser/config.go:42.47,44.16 2 0
companies/cmd/internal/configParser/config.go:44.16,46.3 1 0
companies/cmd/internal/configParser/config.go:47.2,51.45 4 0
companies/cmd/internal/configParser/config.go:51.45,53.3 1 0
companies/cmd/internal/configParser/config.go:55.2,55.18 1 0
companies/cmd/internal/configParser/config.go:58.65,60.18 2 0
companies/cmd/internal/configParser/config.go:60.18,62.3 1 0
companies/cmd/internal/configParser/config.go:64.2,66.27 2 0
companies/cmd/internal/configParser/config.go:67.11,69.17 2 0
companies/cmd/internal/configParser/config.go:69.17,71.4 1 0
companies/cmd/internal/configParser/config.go:72.3,72.25 1 0
companies/cmd/internal/configParser/config.go:73.14,74.25 1 0
companies/cmd/internal/configParser/config.go:75.10,76.23 1 0
companies/cmd/app.go:20.37,25.16 3 0
companies/cmd/app.go:25.16,27.3 1 0
companies/cmd/app.go:29.2,35.34 4 0
companies/cmd/app.go:38.21,40.2 1 0
companies/cmd/app.go:42.29,50.2 6 0
companies/cmd/main.go:13.13,16.2 2 0
companies/cmd/internal/database/database.go:38.49,51.16 10 0
companies/cmd/internal/database/database.go:51.16,53.3 1 0
companies/cmd/internal/database/database.go:55.2,57.21 2 0
companies/cmd/internal/database/database.go:60.34,64.6 3 0
companies/cmd/internal/database/database.go:64.6,65.10 1 0
companies/cmd/internal/database/database.go:66.21,68.10 2 0
companies/cmd/internal/database/database.go:70.11,72.18 2 0
companies/cmd/internal/database/database.go:72.18,73.45 1 0
companies/cmd/internal/database/database.go:73.45,77.6 3 0
companies/cmd/internal/database/database.go:78.5,78.15 1 0
companies/cmd/internal/database/database.go:81.4,82.38 2 0
companies/cmd/internal/database/database.go:87.36,89.16 2 0
companies/cmd/internal/database/database.go:89.16,91.3 1 0
companies/cmd/internal/database/database.go:93.2,94.16 2 0
companies/cmd/internal/database/database.go:94.16,96.3 1 0
companies/cmd/internal/database/database.go:98.2,98.12 1 0
companies/cmd/internal/database/database.go:101.53,109.16 5 0
companies/cmd/internal/database/database.go:109.16,111.3 1 0
companies/cmd/internal/database/database.go:112.2,115.16 3 0
companies/cmd/internal/database/database.go:115.16,117.3 1 0
companies/cmd/internal/database/database.go:120.72,122.16 2 0
companies/cmd/internal/database/database.go:122.16,124.3 1 0
companies/cmd/internal/database/database.go:125.2,125.22 1 0
companies/cmd/internal/database/database.go:128.73,129.71 1 0
companies/cmd/internal/database/database.go:129.71,131.3 1 0
companies/cmd/internal/database/database.go:133.2,133.50 1 0
companies/cmd/internal/database/database.go:133.50,135.3 1 0
companies/cmd/internal/database/database.go:137.2,137.12 1 0
companies/cmd/internal/database/database.go:140.55,141.81 1 0
companies/cmd/internal/database/database.go:141.81,143.3 1 0
companies/cmd/internal/database/database.go:145.2,145.12 1 0
companies/cmd/internal/database/database.go:148.67,150.73 2 0
companies/cmd/internal/database/database.go:150.73,152.3 1 0
companies/cmd/internal/database/database.go:154.2,154.20 1 0
companies/cmd/internal/database/database.go:157.55,160.16 3 0
companies/cmd/internal/database/database.go:160.16,161.36 1 0
companies/cmd/internal/database/database.go:161.36,163.4 1 0
companies/cmd/internal/database/database.go:164.3,164.15 1 0
companies/cmd/internal/database/database.go:166.2,166.13 1 0
companies/cmd/internal/database/record.go:18.55,19.17 1 0
companies/cmd/internal/database/record.go:19.17,22.3 2 0
companies/cmd/internal/database/record.go:23.2,23.12 1 0
companies/cmd/internal/eventSender/sender.go:24.60,30.16 4 0
companies/cmd/internal/eventSender/sender.go:30.16,33.3 2 0
companies/cmd/internal/eventSender/sender.go:35.2,39.11 3 0
companies/cmd/internal/eventSender/sender.go:42.33,46.6 3 0
companies/cmd/internal/eventSender/sender.go:46.6,47.10 1 0
companies/cmd/internal/eventSender/sender.go:48.21,50.10 2 0
companies/cmd/internal/eventSender/sender.go:51.11,53.18 2 0
companies/cmd/internal/eventSender/sender.go:53.18,56.5 2 0
companies/cmd/internal/eventSender/sender.go:57.4,58.38 2 0
companies/cmd/internal/eventSender/sender.go:63.64,73.16 4 0
companies/cmd/internal/eventSender/sender.go:73.16,75.3 1 0
companies/cmd/internal/eventSender/sender.go:77.2,80.35 3 0
companies/cmd/internal/eventSender/sender.go:80.35,83.3 2 0
companies/cmd/internal/eventSender/sender.go:83.8,85.3 1 0
companies/cmd/internal/eventSender/sender.go:87.2,89.12 2 0
companies/cmd/internal/eventSender/sender.go:92.32,95.2 2 0
companies/cmd/internal/server/server.go:33.119,55.2 8 0
companies/cmd/internal/server/server.go:57.97,68.57 7 0
companies/cmd/internal/server/server.go:68.57,73.3 4 0
companies/cmd/internal/server/server.go:76.33,79.2 2 0
companies/cmd/internal/server/server.go:81.42,85.44 3 0
companies/cmd/internal/server/server.go:85.44,87.3 1 0
companies/cmd/internal/server/server.go:89.2,89.12 1 0
companies/cmd/tests/mocks/mock_create_record.go:27.73,31.2 3 0
companies/cmd/tests/mocks/mock_create_record.go:34.71,36.2 1 0
companies/cmd/tests/mocks/mock_create_record.go:39.89,45.2 5 0
companies/cmd/tests/mocks/mock_create_record.go:48.87,51.2 2 0
companies/cmd/tests/mocks/mock_create_record.go:54.63,59.2 4 0
companies/cmd/tests/mocks/mock_create_record.go:62.89,65.2 2 0
companies/cmd/tests/mocks/mock_delete_record.go:26.73,30.2 3 0
companies/cmd/tests/mocks/mock_delete_record.go:33.71,35.2 1 0
companies/cmd/tests/mocks/mock_delete_record.go:38.65,43.2 4 0
companies/cmd/tests/mocks/mock_delete_record.go:46.87,49.2 2 0
companies/cmd/tests/mocks/mock_event_sender.go:26.67,30.2 3 0
companies/cmd/tests/mocks/mock_event_sender.go:33.65,35.2 1 0
companies/cmd/tests/mocks/mock_event_sender.go:38.83,43.2 4 0
companies/cmd/tests/mocks/mock_event_sender.go:46.90,49.2 2 0
companies/cmd/tests/mocks/mock_get_record.go:27.67,31.2 3 0
companies/cmd/tests/mocks/mock_get_record.go:34.65,36.2 1 0
companies/cmd/tests/mocks/mock_get_record.go:39.83,45.2 5 0
companies/cmd/tests/mocks/mock_get_record.go:48.81,51.2 2 0
companies/cmd/tests/mocks/mock_update_record.go:27.73,31.2 3 0
companies/cmd/tests/mocks/mock_update_record.go:34.71,36.2 1 0
companies/cmd/tests/mocks/mock_update_record.go:39.92,44.2 4 0
companies/cmd/tests/mocks/mock_update_record.go:47.93,50.2 2 0
companies/cmd/tests/create_company_tes.go:16.49,27.16 4 0
companies/cmd/tests/create_company_tes.go:27.16,29.3 1 0
companies/cmd/tests/create_company_tes.go:30.2,31.16 2 0
companies/cmd/tests/create_company_tes.go:31.16,33.3 1 0
companies/cmd/tests/create_company_tes.go:35.2,60.12 15 0
companies/cmd/tests/create_company_tes.go:60.12,61.7 1 0
companies/cmd/tests/create_company_tes.go:61.7,63.26 2 0
companies/cmd/tests/create_company_tes.go:64.24,66.11 2 0
companies/cmd/tests/create_company_tes.go:71.2,71.9 1 0
companies/cmd/tests/create_company_tes.go:72.24,73.57 1 0
companies/cmd/tests/create_company_tes.go:74.20,75.52 1 0
companies/cmd/tests/helpers.go:11.53,23.2 5 0
companies/cmd/tests/integration_tes.go:16.29,34.16 3 0
companies/cmd/tests/integration_tes.go:34.16,35.13 1 0
companies/cmd/tests/integration_tes.go:37.2,55.16 5 0
companies/cmd/tests/integration_tes.go:55.16,56.13 1 0
companies/cmd/tests/integration_tes.go:58.2,80.16 6 0
companies/cmd/tests/integration_tes.go:80.16,81.13 1 0
companies/cmd/tests/integration_tes.go:83.2,103.18 14 0
companies/cmd/internal/server/handlers/createRecordHandler.go:25.50,26.22 1 1
companies/cmd/internal/server/handlers/createRecordHandler.go:26.22,28.3 1 1
companies/cmd/internal/server/handlers/createRecordHandler.go:30.2,30.38 1 1
companies/cmd/internal/server/handlers/createRecordHandler.go:30.38,32.3 1 0
companies/cmd/internal/server/handlers/createRecordHandler.go:34.2,34.79 1 1
companies/cmd/internal/server/handlers/createRecordHandler.go:34.79,36.3 1 0
companies/cmd/internal/server/handlers/createRecordHandler.go:38.2,38.32 1 1
companies/cmd/internal/server/handlers/createRecordHandler.go:38.32,40.3 1 0
companies/cmd/internal/server/handlers/createRecordHandler.go:42.2,42.30 1 1
companies/cmd/internal/server/handlers/createRecordHandler.go:42.30,44.3 1 0
companies/cmd/internal/server/handlers/createRecordHandler.go:46.2,46.22 1 1
companies/cmd/internal/server/handlers/createRecordHandler.go:46.22,48.3 1 0
companies/cmd/internal/server/handlers/createRecordHandler.go:50.2,50.13 1 1
companies/cmd/internal/server/handlers/createRecordHandler.go:64.102,65.54 1 1
companies/cmd/internal/server/handlers/createRecordHandler.go:65.54,70.27 4 1
companies/cmd/internal/server/handlers/createRecordHandler.go:70.27,80.4 4 1
companies/cmd/internal/server/handlers/createRecordHandler.go:82.3,82.38 1 1
companies/cmd/internal/server/handlers/createRecordHandler.go:82.38,92.4 4 1
companies/cmd/internal/server/handlers/createRecordHandler.go:94.3,95.17 2 1
companies/cmd/internal/server/handlers/createRecordHandler.go:95.17,105.4 4 1
companies/cmd/internal/server/handlers/createRecordHandler.go:107.3,116.34 4 1
companies/cmd/internal/server/handlers/deleteRecordHandler.go:26.102,27.54 1 1
companies/cmd/internal/server/handlers/deleteRecordHandler.go:27.54,36.17 6 1
companies/cmd/internal/server/handlers/deleteRecordHandler.go:36.17,46.4 4 1
companies/cmd/internal/server/handlers/deleteRecordHandler.go:48.3,48.45 1 1
companies/cmd/internal/server/handlers/deleteRecordHandler.go:48.45,58.4 4 1
companies/cmd/internal/server/handlers/deleteRecordHandler.go:60.3,66.31 2 1
companies/cmd/internal/server/handlers/getRecordHandler.go:29.59,30.54 1 1
companies/cmd/internal/server/handlers/getRecordHandler.go:30.54,38.17 6 1
companies/cmd/internal/server/handlers/getRecordHandler.go:38.17,42.4 3 1
companies/cmd/internal/server/handlers/getRecordHandler.go:44.3,46.17 2 1
companies/cmd/internal/server/handlers/getRecordHandler.go:46.17,50.4 3 1
companies/cmd/internal/server/handlers/getRecordHandler.go:52.3,52.36 1 1
companies/cmd/internal/server/handlers/updateRecordHandler.go:31.102,32.54 1 1
companies/cmd/internal/server/handlers/updateRecordHandler.go:32.54,41.17 6 1
companies/cmd/internal/server/handlers/updateRecordHandler.go:41.17,51.4 4 1
companies/cmd/internal/server/handlers/updateRecordHandler.go:53.3,59.17 4 1
companies/cmd/internal/server/handlers/updateRecordHandler.go:59.17,69.4 4 1
companies/cmd/internal/server/handlers/updateRecordHandler.go:71.3,79.37 3 1
companies/docs/docs.go:250.13,252.2 1 0
